<?xml version="1.0" encoding="UTF-8"?>
<!-- Generated by org.testng.reporters.JUnitReportReporter -->
<testsuite hostname="DESKTOP-0D0PETR" failures="0" tests="3" name="com.Google.qa.testcases.HomePageTest" time="30.584" errors="0" timestamp="2020-09-15T13:28:04 IST" skipped="0">
  <testcase classname="com.Google.qa.testcases.HomePageTest" name="HomePageTitleTest" time="7.265"/>
  <system-out/>
  <testcase classname="com.Google.qa.testcases.HomePageTest" name="HomePageLogoTest" time="7.644"/>
  <system-out/>
  <testcase classname="com.Google.qa.testcases.HomePageTest" name="HomePageSearchFuntionalityTest" time="15.675"/>
  <system-out/>
</testsuite> <!-- com.Google.qa.testcases.HomePageTest -->
