<?xml version="1.0" encoding="UTF-8"?>
<!-- Generated by org.testng.reporters.JUnitReportReporter -->
<testsuite hostname="DESKTOP-0D0PETR" failures="0" tests="1" name="com.Google.qa.testcases.LandingPageTest" time="20.986" errors="0" timestamp="2020-09-15T13:18:49 IST" skipped="0">
  <testcase classname="com.Google.qa.testcases.LandingPageTest" name="LandingPageTitleTest" time="20.986"/>
  <system-out/>
</testsuite> <!-- com.Google.qa.testcases.LandingPageTest -->
