<?xml version="1.0" encoding="UTF-8"?>
<!-- Generated by org.testng.reporters.JUnitReportReporter -->
<testsuite hostname="DESKTOP-0D0PETR" failures="0" tests="2" name="com.Google.qa.testcases.SearchpageTest" time="36.810" errors="0" timestamp="2020-09-15T13:18:49 IST" skipped="0">
  <testcase classname="com.Google.qa.testcases.SearchpageTest" name="SearchPageTitleTest" time="14.587"/>
  <system-out/>
  <testcase classname="com.Google.qa.testcases.SearchpageTest" name="NavigationToLandingpage" time="22.223"/>
  <system-out/>
</testsuite> <!-- com.Google.qa.testcases.SearchpageTest -->
